<?xml version="1.0" encoding="UTF-8"?>
<!-- Generated by org.testng.reporters.JUnitReportReporter -->
<testsuite ignored="0" hostname="DESKTOP-35R7AQS" failures="0" tests="1" name="selenium12.pen" time="0.010" errors="0" timestamp="01 Aug 2024 23:06:43 GMT" skipped="0">
  <testcase classname="selenium12.pen" name="s" time="0.010"/>
</testsuite> <!-- selenium12.pen -->
