<?xml version="1.0" encoding="UTF-8"?>
<!-- Generated by org.testng.reporters.JUnitReportReporter -->
<testsuite ignored="0" hostname="DESKTOP-35R7AQS" failures="0" tests="1" name="selenium12.green" time="0.004" errors="0" timestamp="01 Aug 2024 23:06:43 GMT" skipped="0">
  <testcase classname="selenium12.green" name="syso" time="0.004"/>
</testsuite> <!-- selenium12.green -->
