<?xml version="1.0" encoding="UTF-8"?>
<!-- Generated by org.testng.reporters.JUnitReportReporter -->
<testsuite hostname="DESKTOP-35R7AQS" failures="0" tests="1" name="selenium12.as" time="0.003" errors="0" timestamp="1 Aug 2024 23:17:27 GMT">
  <testcase classname="selenium12.as" name="s" time="0.003"/>
</testsuite> <!-- selenium12.as -->
