<?xml version="1.0" encoding="UTF-8"?>
<!-- Generated by org.testng.reporters.JUnitReportReporter -->
<testsuite hostname="DESKTOP-35R7AQS" failures="0" tests="1" name="selenium12.s" time="0.008" errors="0" timestamp="1 Aug 2024 23:17:27 GMT">
  <testcase classname="selenium12.s" name="d" time="0.008"/>
</testsuite> <!-- selenium12.s -->
